<?xml version="1.0" encoding="UTF-8"?>
<testsuite name="TestNamedArguments" tests="1" skipped="0" failures="0" errors="0" timestamp="2021-06-26T04:13:40" hostname="DESKTOP-E9THROQ" time="0.047">
  <properties/>
  <testcase name="testJoinToString" classname="TestNamedArguments" time="0.047"/>
  <system-out><![CDATA[]]></system-out>
  <system-err><![CDATA[]]></system-err>
</testsuite>
